<?xml version="1.0" encoding="UTF-8"?>
<!-- Generated by org.testng.reporters.JUnitXMLReporter -->
<testsuite ignored="0" hostname="ITT-PRATIK-B" failures="0" tests="4" name="Test" time="7.594" errors="0" timestamp="2024-05-07T15:27:09 IST">
  <testcase classname="api.tests.UserTests" name="testPostUser" time="2.695"/>
  <testcase classname="api.tests.UserTests" name="testGetUserByName" time="1.215"/>
  <testcase classname="api.tests.UserTests" name="testUpdateUserByName" time="2.297"/>
  <testcase classname="api.tests.UserTests" name="testDeleteUserByName" time="1.19"/>
</testsuite> <!-- Test -->
