<?xml version="1.0" encoding="UTF-8"?>
<testng-results ignored="0" total="4" passed="4" failed="0" skipped="0">
  <reporter-output>
  </reporter-output>
  <suite started-at="2024-05-07T15:27:02 IST" name="Suite" finished-at="2024-05-07T15:27:09 IST" duration-ms="7594">
    <groups>
    </groups>
    <test started-at="2024-05-07T15:27:02 IST" name="Test" finished-at="2024-05-07T15:27:09 IST" duration-ms="7594">
      <class name="api.tests.UserTests">
        <test-method is-config="true" signature="setupData()[pri:0, instance:api.tests.UserTests@323b36e0]" started-at="2024-05-07T15:27:02 IST" name="setupData" finished-at="2024-05-07T15:27:02 IST" duration-ms="166" status="PASS">
          <reporter-output>
          </reporter-output>
        </test-method> <!-- setupData -->
        <test-method signature="testPostUser()[pri:1, instance:api.tests.UserTests@323b36e0]" started-at="2024-05-07T15:27:02 IST" name="testPostUser" finished-at="2024-05-07T15:27:04 IST" duration-ms="2695" status="PASS">
          <reporter-output>
          </reporter-output>
        </test-method> <!-- testPostUser -->
        <test-method signature="testGetUserByName()[pri:2, instance:api.tests.UserTests@323b36e0]" started-at="2024-05-07T15:27:04 IST" name="testGetUserByName" finished-at="2024-05-07T15:27:06 IST" duration-ms="1215" status="PASS">
          <reporter-output>
          </reporter-output>
        </test-method> <!-- testGetUserByName -->
        <test-method signature="testUpdateUserByName()[pri:3, instance:api.tests.UserTests@323b36e0]" started-at="2024-05-07T15:27:06 IST" name="testUpdateUserByName" finished-at="2024-05-07T15:27:08 IST" duration-ms="2297" status="PASS">
          <reporter-output>
          </reporter-output>
        </test-method> <!-- testUpdateUserByName -->
        <test-method signature="testDeleteUserByName()[pri:4, instance:api.tests.UserTests@323b36e0]" started-at="2024-05-07T15:27:08 IST" name="testDeleteUserByName" finished-at="2024-05-07T15:27:09 IST" duration-ms="1190" status="PASS">
          <reporter-output>
          </reporter-output>
        </test-method> <!-- testDeleteUserByName -->
      </class> <!-- api.tests.UserTests -->
    </test> <!-- Test -->
  </suite> <!-- Suite -->
</testng-results>
